<?xml version="1.0" encoding="UTF-8"?>
<testng-results ignored="5" total="11" passed="5" failed="1" skipped="0">
  <reporter-output>
  </reporter-output>
  <suite started-at="2022-10-26T22:40:55 GMT+03:00" name="All Test Suite" finished-at="2022-10-26T22:41:18 GMT+03:00" duration-ms="23182">
    <groups>
    </groups>
    <test started-at="2022-10-26T22:40:55 GMT+03:00" name="slider" finished-at="2022-10-26T22:41:05 GMT+03:00" duration-ms="10054">
      <class name="slider.HomePageSliderTests">
        <test-method is-config="true" signature="setUp()[pri:0, instance:slider.HomePageSliderTests@2e3967ea]" started-at="2022-10-26T22:40:55 GMT+03:00" name="setUp" finished-at="2022-10-26T22:41:03 GMT+03:00" duration-ms="7829" status="PASS">
          <reporter-output>
          </reporter-output>
        </test-method> <!-- setUp -->
        <test-method signature="testSliderIcons()[pri:0, instance:slider.HomePageSliderTests@2e3967ea]" started-at="2022-10-26T22:41:03 GMT+03:00" name="testSliderIcons" finished-at="2022-10-26T22:41:04 GMT+03:00" duration-ms="1278" status="FAIL">
          <exception class="java.lang.AssertionError">
            <message>
              <![CDATA[Next icon not working expected [2] but found [1]]]>
            </message>
            <full-stacktrace>
              <![CDATA[java.lang.AssertionError: Next icon not working expected [2] but found [1]
at org.testng.Assert.fail(Assert.java:110)
at org.testng.Assert.failNotEquals(Assert.java:1413)
at org.testng.Assert.assertEqualsImpl(Assert.java:149)
at org.testng.Assert.assertEquals(Assert.java:131)
at org.testng.Assert.assertEquals(Assert.java:655)
at slider.HomePageSliderTests.testSliderIcons(HomePageSliderTests.java:17)
at java.base/jdk.internal.reflect.NativeMethodAccessorImpl.invoke0(Native Method)
at java.base/jdk.internal.reflect.NativeMethodAccessorImpl.invoke(NativeMethodAccessorImpl.java:62)
at java.base/jdk.internal.reflect.DelegatingMethodAccessorImpl.invoke(DelegatingMethodAccessorImpl.java:43)
at java.base/java.lang.reflect.Method.invoke(Method.java:566)
at org.testng.internal.invokers.MethodInvocationHelper.invokeMethod(MethodInvocationHelper.java:139)
at org.testng.internal.invokers.TestInvoker.invokeMethod(TestInvoker.java:677)
at org.testng.internal.invokers.TestInvoker.invokeTestMethod(TestInvoker.java:221)
at org.testng.internal.invokers.MethodRunner.runInSequence(MethodRunner.java:50)
at org.testng.internal.invokers.TestInvoker$MethodInvocationAgent.invoke(TestInvoker.java:962)
at org.testng.internal.invokers.TestInvoker.invokeTestMethods(TestInvoker.java:194)
at org.testng.internal.invokers.TestMethodWorker.invokeTestMethods(TestMethodWorker.java:148)
at org.testng.internal.invokers.TestMethodWorker.run(TestMethodWorker.java:128)
at java.base/java.util.ArrayList.forEach(ArrayList.java:1540)
at org.testng.TestRunner.privateRun(TestRunner.java:806)
at org.testng.TestRunner.run(TestRunner.java:601)
at org.testng.SuiteRunner.runTest(SuiteRunner.java:433)
at org.testng.SuiteRunner$SuiteWorker.run(SuiteRunner.java:471)
at org.testng.internal.thread.ThreadUtil.lambda$execute$0(ThreadUtil.java:58)
at java.base/java.util.concurrent.FutureTask.run(FutureTask.java:264)
at java.base/java.util.concurrent.ThreadPoolExecutor.runWorker(ThreadPoolExecutor.java:1128)
at java.base/java.util.concurrent.ThreadPoolExecutor$Worker.run(ThreadPoolExecutor.java:628)
at java.base/java.lang.Thread.run(Thread.java:834)
]]>
            </full-stacktrace>
          </exception> <!-- java.lang.AssertionError -->
          <reporter-output>
          </reporter-output>
        </test-method> <!-- testSliderIcons -->
        <test-method is-config="true" signature="tearDown()[pri:0, instance:slider.HomePageSliderTests@2e3967ea]" started-at="2022-10-26T22:41:04 GMT+03:00" name="tearDown" finished-at="2022-10-26T22:41:05 GMT+03:00" duration-ms="774" status="PASS">
          <reporter-output>
          </reporter-output>
        </test-method> <!-- tearDown -->
      </class> <!-- slider.HomePageSliderTests -->
    </test> <!-- slider -->
    <test started-at="2022-10-26T22:40:55 GMT+03:00" name="loginlogout" finished-at="2022-10-26T22:41:07 GMT+03:00" duration-ms="12286">
      <class name="login_logout.LoginLogoutTests">
        <test-method is-config="true" signature="setUp()[pri:0, instance:login_logout.LoginLogoutTests@45099dd3]" started-at="2022-10-26T22:40:55 GMT+03:00" name="setUp" finished-at="2022-10-26T22:41:03 GMT+03:00" duration-ms="8636" status="PASS">
          <reporter-output>
          </reporter-output>
        </test-method> <!-- setUp -->
        <test-method signature="testClickOnLoginInHomePage()[pri:0, instance:login_logout.LoginLogoutTests@45099dd3]" started-at="2022-10-26T22:41:03 GMT+03:00" name="testClickOnLoginInHomePage" finished-at="2022-10-26T22:41:04 GMT+03:00" duration-ms="919" status="PASS">
          <reporter-output>
          </reporter-output>
        </test-method> <!-- testClickOnLoginInHomePage -->
        <test-method signature="testFailedLoginWithInvalidUsername()[pri:0, instance:login_logout.LoginLogoutTests@45099dd3]" started-at="2022-10-26T22:41:04 GMT+03:00" name="testFailedLoginWithInvalidUsername" finished-at="2022-10-26T22:41:06 GMT+03:00" depends-on-methods="login_logout.LoginLogoutTests.testClickOnLoginInHomePage" duration-ms="1885" status="PASS">
          <reporter-output>
          </reporter-output>
        </test-method> <!-- testFailedLoginWithInvalidUsername -->
        <test-method is-config="true" signature="tearDown()[pri:0, instance:login_logout.LoginLogoutTests@45099dd3]" started-at="2022-10-26T22:41:06 GMT+03:00" name="tearDown" finished-at="2022-10-26T22:41:07 GMT+03:00" duration-ms="769" status="PASS">
          <reporter-output>
          </reporter-output>
        </test-method> <!-- tearDown -->
      </class> <!-- login_logout.LoginLogoutTests -->
    </test> <!-- loginlogout -->
    <test started-at="2022-10-26T22:40:55 GMT+03:00" name="signup" finished-at="2022-10-26T22:41:07 GMT+03:00" duration-ms="12319">
      <class name="sign_up.SignUpTests">
        <test-method is-config="true" signature="setUp()[pri:0, instance:sign_up.SignUpTests@194bcebf]" started-at="2022-10-26T22:40:55 GMT+03:00" name="setUp" finished-at="2022-10-26T22:41:03 GMT+03:00" duration-ms="8466" status="PASS">
          <reporter-output>
          </reporter-output>
        </test-method> <!-- setUp -->
        <test-method signature="testClickOnSignUpInHomePage()[pri:0, instance:sign_up.SignUpTests@194bcebf]" started-at="2022-10-26T22:41:03 GMT+03:00" name="testClickOnSignUpInHomePage" finished-at="2022-10-26T22:41:04 GMT+03:00" duration-ms="1089" status="PASS">
          <reporter-output>
          </reporter-output>
        </test-method> <!-- testClickOnSignUpInHomePage -->
        <test-method signature="testFailedSignUp()[pri:0, instance:sign_up.SignUpTests@194bcebf]" started-at="2022-10-26T22:41:04 GMT+03:00" name="testFailedSignUp" finished-at="2022-10-26T22:41:06 GMT+03:00" depends-on-methods="sign_up.SignUpTests.testClickOnSignUpInHomePage" duration-ms="1894" status="PASS">
          <reporter-output>
          </reporter-output>
        </test-method> <!-- testFailedSignUp -->
        <test-method is-config="true" signature="tearDown()[pri:0, instance:sign_up.SignUpTests@194bcebf]" started-at="2022-10-26T22:41:06 GMT+03:00" name="tearDown" finished-at="2022-10-26T22:41:07 GMT+03:00" duration-ms="793" status="PASS">
          <reporter-output>
          </reporter-output>
        </test-method> <!-- tearDown -->
      </class> <!-- sign_up.SignUpTests -->
    </test> <!-- signup -->
    <test started-at="2022-10-26T22:40:55 GMT+03:00" name="accesibility" finished-at="2022-10-26T22:41:18 GMT+03:00" duration-ms="23182">
      <class name="accesibility.KeyboardOnlyNavigationTests">
        <test-method is-config="true" signature="setUp()[pri:0, instance:accesibility.KeyboardOnlyNavigationTests@4f80542f]" started-at="2022-10-26T22:40:55 GMT+03:00" name="setUp" finished-at="2022-10-26T22:41:03 GMT+03:00" duration-ms="8349" status="PASS">
          <reporter-output>
          </reporter-output>
        </test-method> <!-- setUp -->
        <test-method signature="testKeyboardOnlyNavigationForHomePage()[pri:0, instance:accesibility.KeyboardOnlyNavigationTests@4f80542f]" started-at="2022-10-26T22:41:03 GMT+03:00" name="testKeyboardOnlyNavigationForHomePage" finished-at="2022-10-26T22:41:17 GMT+03:00" duration-ms="13957" status="PASS">
          <reporter-output>
          </reporter-output>
        </test-method> <!-- testKeyboardOnlyNavigationForHomePage -->
        <test-method is-config="true" signature="tearDown()[pri:0, instance:accesibility.KeyboardOnlyNavigationTests@4f80542f]" started-at="2022-10-26T22:41:17 GMT+03:00" name="tearDown" finished-at="2022-10-26T22:41:18 GMT+03:00" duration-ms="805" status="PASS">
          <reporter-output>
          </reporter-output>
        </test-method> <!-- tearDown -->
      </class> <!-- accesibility.KeyboardOnlyNavigationTests -->
    </test> <!-- accesibility -->
  </suite> <!-- All Test Suite -->
</testng-results>
